<?xml version="1.0" encoding="UTF-8"?>
<!-- Generated by org.testng.reporters.JUnitXMLReporter -->
<testsuite hostname="SI-0151" tests="4" failures="0" timestamp="5 Oct 2016 08:16:07 GMT" time="10.69" errors="0">
  <testcase name="TestMainPageTitle" time="0.016" classname="UApaySiteCheckTest"/>
  <testcase name="TestSearch" time="1.628" classname="GooglePageTest"/>
  <testcase name="TestSerch2" time="1.317" classname="GooglePageTest"/>
  <testcase name="titleVerifyTest" time="0.055" classname="GooglePageTest"/>
</testsuite>
